{"/home/norbi/devs/norbertherbert/axioma-driver/index.js": {"path":"/home/norbi/devs/norbertherbert/axioma-driver/index.js","statementMap":{"0":{"start":{"line":10,"column":17},"end":{"line":14,"column":5}},"1":{"start":{"line":15,"column":4},"end":{"line":34,"column":5}},"2":{"start":{"line":16,"column":8},"end":{"line":32,"column":9}},"3":{"start":{"line":18,"column":16},"end":{"line":18,"column":46}},"4":{"start":{"line":19,"column":16},"end":{"line":19,"column":22}},"5":{"start":{"line":21,"column":16},"end":{"line":21,"column":51}},"6":{"start":{"line":22,"column":16},"end":{"line":22,"column":22}},"7":{"start":{"line":24,"column":16},"end":{"line":24,"column":48}},"8":{"start":{"line":25,"column":16},"end":{"line":25,"column":22}},"9":{"start":{"line":27,"column":16},"end":{"line":27,"column":50}},"10":{"start":{"line":28,"column":16},"end":{"line":28,"column":22}},"11":{"start":{"line":30,"column":16},"end":{"line":30,"column":57}},"12":{"start":{"line":31,"column":16},"end":{"line":31,"column":22}},"13":{"start":{"line":35,"column":4},"end":{"line":35,"column":18}},"14":{"start":{"line":48,"column":18},"end":{"line":48,"column":29}},"15":{"start":{"line":49,"column":16},"end":{"line":49,"column":40}},"16":{"start":{"line":50,"column":17},"end":{"line":50,"column":29}},"17":{"start":{"line":51,"column":17},"end":{"line":51,"column":19}},"18":{"start":{"line":53,"column":4},"end":{"line":55,"column":5}},"19":{"start":{"line":54,"column":8},"end":{"line":54,"column":42}},"20":{"start":{"line":57,"column":4},"end":{"line":113,"column":5}},"21":{"start":{"line":59,"column":29},"end":{"line":59,"column":40}},"22":{"start":{"line":61,"column":33},"end":{"line":61,"column":62}},"23":{"start":{"line":62,"column":28},"end":{"line":62,"column":68}},"24":{"start":{"line":64,"column":23},"end":{"line":64,"column":44}},"25":{"start":{"line":66,"column":27},"end":{"line":66,"column":49}},"26":{"start":{"line":68,"column":34},"end":{"line":68,"column":63}},"27":{"start":{"line":72,"column":29},"end":{"line":72,"column":70}},"28":{"start":{"line":74,"column":31},"end":{"line":74,"column":54}},"29":{"start":{"line":78,"column":29},"end":{"line":78,"column":31}},"30":{"start":{"line":79,"column":16},"end":{"line":79,"column":30}},"31":{"start":{"line":80,"column":16},"end":{"line":80,"column":33}},"32":{"start":{"line":81,"column":24},"end":{"line":81,"column":26}},"33":{"start":{"line":83,"column":8},"end":{"line":86,"column":11}},"34":{"start":{"line":87,"column":8},"end":{"line":96,"column":9}},"35":{"start":{"line":87,"column":19},"end":{"line":87,"column":21}},"36":{"start":{"line":88,"column":12},"end":{"line":88,"column":49}},"37":{"start":{"line":89,"column":12},"end":{"line":89,"column":43}},"38":{"start":{"line":90,"column":12},"end":{"line":90,"column":29}},"39":{"start":{"line":91,"column":12},"end":{"line":91,"column":30}},"40":{"start":{"line":92,"column":12},"end":{"line":95,"column":15}},"41":{"start":{"line":97,"column":8},"end":{"line":100,"column":11}},"42":{"start":{"line":102,"column":8},"end":{"line":112,"column":9}},"43":{"start":{"line":115,"column":4},"end":{"line":115,"column":18}},"44":{"start":{"line":150,"column":17},"end":{"line":150,"column":19}},"45":{"start":{"line":151,"column":19},"end":{"line":151,"column":40}},"46":{"start":{"line":152,"column":4},"end":{"line":160,"column":5}},"47":{"start":{"line":153,"column":8},"end":{"line":153,"column":27}},"48":{"start":{"line":154,"column":8},"end":{"line":159,"column":11}},"49":{"start":{"line":155,"column":12},"end":{"line":158,"column":14}},"50":{"start":{"line":161,"column":4},"end":{"line":161,"column":18}},"51":{"start":{"line":164,"column":0},"end":{"line":169,"column":1}}},"fnMap":{"0":{"name":"parseStatus","decl":{"start":{"line":9,"column":9},"end":{"line":9,"column":20}},"loc":{"start":{"line":9,"column":33},"end":{"line":36,"column":1}},"line":9},"1":{"name":"decodeUplink","decl":{"start":{"line":46,"column":9},"end":{"line":46,"column":21}},"loc":{"start":{"line":46,"column":29},"end":{"line":117,"column":1}},"line":46},"2":{"name":"encodeDownlink","decl":{"start":{"line":131,"column":9},"end":{"line":131,"column":23}},"loc":{"start":{"line":131,"column":31},"end":{"line":131,"column":33}},"line":131},"3":{"name":"decodeDownlink","decl":{"start":{"line":140,"column":9},"end":{"line":140,"column":23}},"loc":{"start":{"line":140,"column":31},"end":{"line":140,"column":33}},"line":140},"4":{"name":"extractPoints","decl":{"start":{"line":149,"column":9},"end":{"line":149,"column":22}},"loc":{"start":{"line":149,"column":30},"end":{"line":162,"column":1}},"line":149},"5":{"name":"(anonymous_5)","decl":{"start":{"line":154,"column":25},"end":{"line":154,"column":26}},"loc":{"start":{"line":154,"column":36},"end":{"line":159,"column":9}},"line":154}},"branchMap":{"0":{"loc":{"start":{"line":15,"column":4},"end":{"line":34,"column":5}},"type":"if","locations":[{"start":{"line":15,"column":4},"end":{"line":34,"column":5}},{"start":{},"end":{}}],"line":15},"1":{"loc":{"start":{"line":16,"column":8},"end":{"line":32,"column":9}},"type":"switch","locations":[{"start":{"line":17,"column":12},"end":{"line":19,"column":22}},{"start":{"line":20,"column":12},"end":{"line":22,"column":22}},{"start":{"line":23,"column":12},"end":{"line":25,"column":22}},{"start":{"line":26,"column":12},"end":{"line":28,"column":22}},{"start":{"line":29,"column":12},"end":{"line":31,"column":22}}],"line":16},"2":{"loc":{"start":{"line":53,"column":4},"end":{"line":55,"column":5}},"type":"if","locations":[{"start":{"line":53,"column":4},"end":{"line":55,"column":5}},{"start":{},"end":{}}],"line":53},"3":{"loc":{"start":{"line":57,"column":4},"end":{"line":113,"column":5}},"type":"if","locations":[{"start":{"line":57,"column":4},"end":{"line":113,"column":5}},{"start":{},"end":{}}],"line":57},"4":{"loc":{"start":{"line":152,"column":4},"end":{"line":160,"column":5}},"type":"if","locations":[{"start":{"line":152,"column":4},"end":{"line":160,"column":5}},{"start":{},"end":{}}],"line":152}},"s":{"0":2,"1":2,"2":0,"3":0,"4":0,"5":0,"6":0,"7":0,"8":0,"9":0,"10":0,"11":0,"12":0,"13":2,"14":4,"15":4,"16":4,"17":4,"18":4,"19":2,"20":2,"21":2,"22":2,"23":2,"24":2,"25":2,"26":2,"27":2,"28":2,"29":2,"30":2,"31":2,"32":2,"33":2,"34":2,"35":2,"36":30,"37":30,"38":30,"39":30,"40":30,"41":2,"42":2,"43":2,"44":2,"45":2,"46":2,"47":2,"48":2,"49":34,"50":2,"51":2},"f":{"0":2,"1":4,"2":0,"3":0,"4":2,"5":34},"b":{"0":[0,2],"1":[0,0,0,0,0],"2":[2,2],"3":[2,0],"4":[2,0]},"_coverageSchema":"1a1c01bbd47fc00a2c39e90264f33305004495a9","hash":"0b4940122ccfd7c259192c9cd72472c6fc8de254"}
}
