TN:
SF:index.js
FN:9,parseStatus
FN:46,decodeUplink
FN:131,encodeDownlink
FN:140,decodeDownlink
FN:149,extractPoints
FN:154,(anonymous_5)
FNF:6
FNH:4
FNDA:2,parseStatus
FNDA:4,decodeUplink
FNDA:0,encodeDownlink
FNDA:0,decodeDownlink
FNDA:2,extractPoints
FNDA:34,(anonymous_5)
DA:10,2
DA:15,2
DA:16,0
DA:18,0
DA:19,0
DA:21,0
DA:22,0
DA:24,0
DA:25,0
DA:27,0
DA:28,0
DA:30,0
DA:31,0
DA:35,2
DA:48,4
DA:49,4
DA:50,4
DA:51,4
DA:53,4
DA:54,2
DA:57,2
DA:59,2
DA:61,2
DA:62,2
DA:64,2
DA:66,2
DA:68,2
DA:72,2
DA:74,2
DA:78,2
DA:79,2
DA:80,2
DA:81,2
DA:83,2
DA:87,2
DA:88,30
DA:89,30
DA:90,30
DA:91,30
DA:92,30
DA:97,2
DA:102,2
DA:115,2
DA:150,2
DA:151,2
DA:152,2
DA:153,2
DA:154,2
DA:155,34
DA:161,2
DA:164,2
LF:51
LH:40
BRDA:15,0,0,0
BRDA:15,0,1,2
BRDA:16,1,0,0
BRDA:16,1,1,0
BRDA:16,1,2,0
BRDA:16,1,3,0
BRDA:16,1,4,0
BRDA:53,2,0,2
BRDA:53,2,1,2
BRDA:57,3,0,2
BRDA:57,3,1,0
BRDA:152,4,0,2
BRDA:152,4,1,0
BRF:13
BRH:5
end_of_record
